<?xml version="1.0" encoding="UTF-8"?>
<!-- Generated by org.testng.reporters.JUnitXMLReporter -->
<testsuite ignored="0" hostname="LAPTOP-099NDTTJ" failures="3" tests="5" name="LogIn_TestCases" time="12.134" errors="0" timestamp="2024-07-31T16:10:09 GMT-04:00">
  <testcase classname="TravelApp.Login_TestCase" name="LogIn" time="0.742"/>
  <testcase classname="TravelApp.Login_TestCase" name="Reset_button" time="0.43"/>
  <testcase classname="TravelApp.Login_TestCase" name="Special_Char" time="0.659">
    <failure type="java.lang.AssertionError">
      <![CDATA[java.lang.AssertionError
at org.junit.Assert.fail(Assert.java:87)
at org.junit.Assert.assertTrue(Assert.java:42)
at org.junit.Assert.assertFalse(Assert.java:65)
at org.junit.Assert.assertFalse(Assert.java:75)
at TravelApp.Login_TestCase.Special_Char(Login_TestCase.java:61)
at java.base/java.util.ArrayList.forEach(ArrayList.java:1511)
... Removed 27 stack frames]]>
    </failure>
  </testcase> <!-- Special_Char -->
  <testcase classname="TravelApp.Login_TestCase" name="Inv_max" time="0.78">
    <failure type="java.lang.AssertionError">
      <![CDATA[java.lang.AssertionError
at org.junit.Assert.fail(Assert.java:87)
at org.junit.Assert.assertTrue(Assert.java:42)
at org.junit.Assert.assertFalse(Assert.java:65)
at org.junit.Assert.assertFalse(Assert.java:75)
at TravelApp.Login_TestCase.Inv_max(Login_TestCase.java:71)
at java.base/java.util.ArrayList.forEach(ArrayList.java:1511)
... Removed 27 stack frames]]>
    </failure>
  </testcase> <!-- Inv_max -->
  <testcase classname="TravelApp.Login_TestCase" name="Empty" time="0.562">
    <failure type="java.lang.AssertionError">
      <![CDATA[java.lang.AssertionError
at org.junit.Assert.fail(Assert.java:87)
at org.junit.Assert.assertTrue(Assert.java:42)
at org.junit.Assert.assertFalse(Assert.java:65)
at org.junit.Assert.assertFalse(Assert.java:75)
at TravelApp.Login_TestCase.Empty(Login_TestCase.java:82)
at java.base/java.util.ArrayList.forEach(ArrayList.java:1511)
... Removed 27 stack frames]]>
    </failure>
  </testcase> <!-- Empty -->
</testsuite> <!-- LogIn_TestCases -->
